# JRE version: Java(TM) SE Runtime Environment (8.0_191-b12) (build 1.8.0_191-b12)
# Java VM: Java HotSpot(TM) 64-Bit Server VM (25.191-b12 mixed mode windows-amd64 compressed oops)
Heap:
 PSYoungGen      total 97792K, used 62561K [0x000000076b180000, 0x0000000772800000, 0x00000007c0000000)
  eden space 84480K, 58% used [0x000000076b180000,0x000000076e19a6a8,0x0000000770400000)
  from space 13312K, 99% used [0x0000000771500000,0x00000007721fe140,0x0000000772200000)
  to   space 17408K, 0% used [0x0000000770400000,0x0000000770400000,0x0000000771500000)
 ParOldGen       total 115200K, used 18167K [0x00000006c1400000, 0x00000006c8480000, 0x000000076b180000)
  object space 115200K, 15% used [0x00000006c1400000,0x00000006c25bdfd8,0x00000006c8480000)
 Metaspace       used 31768K, capacity 32624K, committed 32896K, reserved 1079296K
  class space    used 3614K, capacity 3861K, committed 3968K, reserved 1048576K
GC Heap History (10 events):
Event: 11.689 GC heap before
{Heap before GC invocations=3 (full 0):
 PSYoungGen      total 76288K, used 63301K [0x000000076b180000, 0x0000000770680000, 0x00000007c0000000)
  eden space 65536K, 81% used [0x000000076b180000,0x000000076e5b96d8,0x000000076f180000)
  from space 10752K, 91% used [0x000000076fc00000,0x0000000770597f88,0x0000000770680000)
  to   space 10752K, 0% used [0x000000076f180000,0x000000076f180000,0x000000076fc00000)
 ParOldGen       total 175104K, used 24K [0x00000006c1400000, 0x00000006cbf00000, 0x000000076b180000)
  object space 175104K, 0% used [0x00000006c1400000,0x00000006c1406000,0x00000006cbf00000)
 Metaspace       used 20724K, capacity 21184K, committed 21296K, reserved 1069056K
  class space    used 2509K, capacity 2656K, committed 2688K, reserved 1048576K
Event: 11.710 GC heap after
Heap after GC invocations=3 (full 0):
 PSYoungGen      total 76288K, used 10024K [0x000000076b180000, 0x0000000770680000, 0x00000007c0000000)
  eden space 65536K, 0% used [0x000000076b180000,0x000000076b180000,0x000000076f180000)
  from space 10752K, 93% used [0x000000076f180000,0x000000076fb4a388,0x000000076fc00000)
  to   space 10752K, 0% used [0x000000076fc00000,0x000000076fc00000,0x0000000770680000)
 ParOldGen       total 175104K, used 32K [0x00000006c1400000, 0x00000006cbf00000, 0x000000076b180000)
  object space 175104K, 0% used [0x00000006c1400000,0x00000006c1408000,0x00000006cbf00000)
 Metaspace       used 20724K, capacity 21184K, committed 21296K, reserved 1069056K
  class space    used 2509K, capacity 2656K, committed 2688K, reserved 1048576K
}
Event: 11.710 GC heap before
{Heap before GC invocations=4 (full 1):
 PSYoungGen      total 76288K, used 10024K [0x000000076b180000, 0x0000000770680000, 0x00000007c0000000)
  eden space 65536K, 0% used [0x000000076b180000,0x000000076b180000,0x000000076f180000)
  from space 10752K, 93% used [0x000000076f180000,0x000000076fb4a388,0x000000076fc00000)
  to   space 10752K, 0% used [0x000000076fc00000,0x000000076fc00000,0x0000000770680000)
 ParOldGen       total 175104K, used 32K [0x00000006c1400000, 0x00000006cbf00000, 0x000000076b180000)
  object space 175104K, 0% used [0x00000006c1400000,0x00000006c1408000,0x00000006cbf00000)
 Metaspace       used 20724K, capacity 21184K, committed 21296K, reserved 1069056K
  class space    used 2509K, capacity 2656K, committed 2688K, reserved 1048576K
Event: 11.818 GC heap after
Heap after GC invocations=4 (full 1):
 PSYoungGen      total 76288K, used 0K [0x000000076b180000, 0x0000000770680000, 0x00000007c0000000)
  eden space 65536K, 0% used [0x000000076b180000,0x000000076b180000,0x000000076f180000)
  from space 10752K, 0% used [0x000000076f180000,0x000000076f180000,0x000000076fc00000)
  to   space 10752K, 0% used [0x000000076fc00000,0x000000076fc00000,0x0000000770680000)
 ParOldGen       total 115200K, used 9951K [0x00000006c1400000, 0x00000006c8480000, 0x000000076b180000)
  object space 115200K, 8% used [0x00000006c1400000,0x00000006c1db7f70,0x00000006c8480000)
 Metaspace       used 20724K, capacity 21184K, committed 21296K, reserved 1069056K
  class space    used 2509K, capacity 2656K, committed 2688K, reserved 1048576K
}
Event: 17.567 GC heap before
{Heap before GC invocations=5 (full 1):
 PSYoungGen      total 76288K, used 65536K [0x000000076b180000, 0x0000000770680000, 0x00000007c0000000)
  eden space 65536K, 100% used [0x000000076b180000,0x000000076f180000,0x000000076f180000)
  from space 10752K, 0% used [0x000000076f180000,0x000000076f180000,0x000000076fc00000)
  to   space 10752K, 0% used [0x000000076fc00000,0x000000076fc00000,0x0000000770680000)
 ParOldGen       total 115200K, used 9951K [0x00000006c1400000, 0x00000006c8480000, 0x000000076b180000)
  object space 115200K, 8% used [0x00000006c1400000,0x00000006c1db7f70,0x00000006c8480000)
 Metaspace       used 23715K, capacity 24160K, committed 24448K, reserved 1071104K
  class space    used 2715K, capacity 2880K, committed 2944K, reserved 1048576K
Event: 17.586 GC heap after
Heap after GC invocations=5 (full 1):
 PSYoungGen      total 76288K, used 10730K [0x000000076b180000, 0x0000000771e80000, 0x00000007c0000000)
  eden space 65536K, 0% used [0x000000076b180000,0x000000076b180000,0x000000076f180000)
  from space 10752K, 99% used [0x000000076fc00000,0x000000077067a880,0x0000000770680000)
  to   space 10752K, 0% used [0x000000076f180000,0x000000076f180000,0x000000076fc00000)
 ParOldGen       total 115200K, used 10645K [0x00000006c1400000, 0x00000006c8480000, 0x000000076b180000)
  object space 115200K, 9% used [0x00000006c1400000,0x00000006c1e65648,0x00000006c8480000)
 Metaspace       used 23715K, capacity 24160K, committed 24448K, reserved 1071104K
  class space    used 2715K, capacity 2880K, committed 2944K, reserved 1048576K
}
Event: 23.343 GC heap before
{Heap before GC invocations=6 (full 1):
 PSYoungGen      total 76288K, used 76266K [0x000000076b180000, 0x0000000771e80000, 0x00000007c0000000)
  eden space 65536K, 100% used [0x000000076b180000,0x000000076f180000,0x000000076f180000)
  from space 10752K, 99% used [0x000000076fc00000,0x000000077067a880,0x0000000770680000)
  to   space 10752K, 0% used [0x000000076f180000,0x000000076f180000,0x000000076fc00000)
 ParOldGen       total 115200K, used 10645K [0x00000006c1400000, 0x00000006c8480000, 0x000000076b180000)
  object space 115200K, 9% used [0x00000006c1400000,0x00000006c1e65648,0x00000006c8480000)
 Metaspace       used 25171K, capacity 25800K, committed 25856K, reserved 1073152K
  class space    used 2873K, capacity 3059K, committed 3072K, reserved 1048576K
Event: 23.362 GC heap after
Heap after GC invocations=6 (full 1):
 PSYoungGen      total 76288K, used 10734K [0x000000076b180000, 0x0000000772200000, 0x00000007c0000000)
  eden space 65536K, 0% used [0x000000076b180000,0x000000076b180000,0x000000076f180000)
  from space 10752K, 99% used [0x000000076f180000,0x000000076fbfba38,0x000000076fc00000)
  to   space 13312K, 0% used [0x0000000771500000,0x0000000771500000,0x0000000772200000)
 ParOldGen       total 115200K, used 13318K [0x00000006c1400000, 0x00000006c8480000, 0x000000076b180000)
  object space 115200K, 11% used [0x00000006c1400000,0x00000006c2101ad8,0x00000006c8480000)
 Metaspace       used 25171K, capacity 25800K, committed 25856K, reserved 1073152K
  class space    used 2873K, capacity 3059K, committed 3072K, reserved 1048576K
}
Event: 32.104 GC heap before
{Heap before GC invocations=7 (full 1):
 PSYoungGen      total 76288K, used 76270K [0x000000076b180000, 0x0000000772200000, 0x00000007c0000000)
  eden space 65536K, 100% used [0x000000076b180000,0x000000076f180000,0x000000076f180000)
  from space 10752K, 99% used [0x000000076f180000,0x000000076fbfba38,0x000000076fc00000)
  to   space 13312K, 0% used [0x0000000771500000,0x0000000771500000,0x0000000772200000)
 ParOldGen       total 115200K, used 13318K [0x00000006c1400000, 0x00000006c8480000, 0x000000076b180000)
  object space 115200K, 11% used [0x00000006c1400000,0x00000006c2101ad8,0x00000006c8480000)
 Metaspace       used 31371K, capacity 32120K, committed 32256K, reserved 1077248K
  class space    used 3604K, capacity 3825K, committed 3840K, reserved 1048576K
Event: 32.125 GC heap after
Heap after GC invocations=7 (full 1):
 PSYoungGen      total 97792K, used 13304K [0x000000076b180000, 0x0000000772800000, 0x00000007c0000000)
  eden space 84480K, 0% used [0x000000076b180000,0x000000076b180000,0x0000000770400000)
  from space 13312K, 99% used [0x0000000771500000,0x00000007721fe140,0x0000000772200000)
  to   space 17408K, 0% used [0x0000000770400000,0x0000000770400000,0x0000000771500000)
 ParOldGen       total 115200K, used 18167K [0x00000006c1400000, 0x00000006c8480000, 0x000000076b180000)
  object space 115200K, 15% used [0x00000006c1400000,0x00000006c25bdfd8,0x00000006c8480000)
 Metaspace       used 31371K, capacity 32120K, committed 32256K, reserved 1077248K
  class space    used 3604K, capacity 3825K, committed 3840K, reserved 1048576K
}

